Performing C SOURCE FILE Test CMAKE_HAVE_LIBC_PTHREAD failed with the following output:
Change Dir: /home/wdc/demo/build/CMakeFiles/CMakeTmp

Run Build Command(s):/usr/bin/make -f Makefile cmTC_fcc2a/fast && /usr/bin/make  -f CMakeFiles/cmTC_fcc2a.dir/build.make CMakeFiles/cmTC_fcc2a.dir/build
make[1]: 进入目录“/home/wdc/demo/build/CMakeFiles/CMakeTmp”
Building C object CMakeFiles/cmTC_fcc2a.dir/src.c.o
/usr/bin/cc -DCMAKE_HAVE_LIBC_PTHREAD   -o CMakeFiles/cmTC_fcc2a.dir/src.c.o -c /home/wdc/demo/build/CMakeFiles/CMakeTmp/src.c
Linking C executable cmTC_fcc2a
/home/wdc/下载/cmake-3.20.4-linux-x86_64/bin/cmake -E cmake_link_script CMakeFiles/cmTC_fcc2a.dir/link.txt --verbose=1
/usr/bin/cc -rdynamic CMakeFiles/cmTC_fcc2a.dir/src.c.o -o cmTC_fcc2a 
CMakeFiles/cmTC_fcc2a.dir/src.c.o：在函数‘main’中：
src.c:(.text+0x3e)：对‘pthread_create’未定义的引用
src.c:(.text+0x4a)：对‘pthread_detach’未定义的引用
src.c:(.text+0x56)：对‘pthread_cancel’未定义的引用
src.c:(.text+0x67)：对‘pthread_join’未定义的引用
src.c:(.text+0x7b)：对‘pthread_atfork’未定义的引用
collect2: error: ld returned 1 exit status
CMakeFiles/cmTC_fcc2a.dir/build.make:98: recipe for target 'cmTC_fcc2a' failed
make[1]: *** [cmTC_fcc2a] Error 1
make[1]: 离开目录“/home/wdc/demo/build/CMakeFiles/CMakeTmp”
Makefile:127: recipe for target 'cmTC_fcc2a/fast' failed
make: *** [cmTC_fcc2a/fast] Error 2


Source file was:
#include <pthread.h>

static void* test_func(void* data)
{
  return data;
}

int main(void)
{
  pthread_t thread;
  pthread_create(&thread, NULL, test_func, NULL);
  pthread_detach(thread);
  pthread_cancel(thread);
  pthread_join(thread, NULL);
  pthread_atfork(NULL, NULL, NULL);
  pthread_exit(NULL);

  return 0;
}

Determining if the function pthread_create exists in the pthreads failed with the following output:
Change Dir: /home/wdc/demo/build/CMakeFiles/CMakeTmp

Run Build Command(s):/usr/bin/make -f Makefile cmTC_091c4/fast && /usr/bin/make  -f CMakeFiles/cmTC_091c4.dir/build.make CMakeFiles/cmTC_091c4.dir/build
make[1]: 进入目录“/home/wdc/demo/build/CMakeFiles/CMakeTmp”
Building C object CMakeFiles/cmTC_091c4.dir/CheckFunctionExists.c.o
/usr/bin/cc   -DCHECK_FUNCTION_EXISTS=pthread_create -o CMakeFiles/cmTC_091c4.dir/CheckFunctionExists.c.o -c /home/wdc/下载/cmake-3.20.4-linux-x86_64/share/cmake-3.20/Modules/CheckFunctionExists.c
Linking C executable cmTC_091c4
/home/wdc/下载/cmake-3.20.4-linux-x86_64/bin/cmake -E cmake_link_script CMakeFiles/cmTC_091c4.dir/link.txt --verbose=1
/usr/bin/cc  -DCHECK_FUNCTION_EXISTS=pthread_create -rdynamic CMakeFiles/cmTC_091c4.dir/CheckFunctionExists.c.o -o cmTC_091c4  -lpthreads 
/usr/bin/ld: 找不到 -lpthreads
collect2: error: ld returned 1 exit status
CMakeFiles/cmTC_091c4.dir/build.make:98: recipe for target 'cmTC_091c4' failed
make[1]: *** [cmTC_091c4] Error 1
make[1]: 离开目录“/home/wdc/demo/build/CMakeFiles/CMakeTmp”
Makefile:127: recipe for target 'cmTC_091c4/fast' failed
make: *** [cmTC_091c4/fast] Error 2



